{"level":"INFO","message":"[11:44:57.699 AM]: Connecting to GLOBAL Snowflake domain"}
{"level":"INFO","message":"[11:44:57.714 AM]: Trying to initialize Easy Logging"}
{"level":"INFO","message":"[11:44:57.719 AM]: No client config detected."}
{"level":"INFO","message":"[11:44:57.719 AM]: No config file path found. Client config will not be used."}
{"level":"INFO","message":"[11:44:57.720 AM]: Easy Logging is disabled as no config has been found"}
{"level":"INFO","message":"[11:46:31.892 AM]: Connecting to GLOBAL Snowflake domain"}
{"level":"INFO","message":"[11:46:31.902 AM]: Trying to initialize Easy Logging"}
{"level":"INFO","message":"[11:46:31.909 AM]: No client config detected."}
{"level":"INFO","message":"[11:46:31.910 AM]: No config file path found. Client config will not be used."}
{"level":"INFO","message":"[11:46:31.910 AM]: Easy Logging is disabled as no config has been found"}
{"level":"INFO","message":"[11:47:30.595 AM]: Connecting to GLOBAL Snowflake domain"}
{"level":"INFO","message":"[11:47:30.606 AM]: Trying to initialize Easy Logging"}
{"level":"INFO","message":"[11:47:30.613 AM]: No client config detected."}
{"level":"INFO","message":"[11:47:30.613 AM]: No config file path found. Client config will not be used."}
{"level":"INFO","message":"[11:47:30.614 AM]: Easy Logging is disabled as no config has been found"}
{"level":"INFO","message":"[11:56:35.912 AM]: Connecting to GLOBAL Snowflake domain"}
{"level":"INFO","message":"[11:56:35.923 AM]: Trying to initialize Easy Logging"}
{"level":"INFO","message":"[11:56:35.929 AM]: No client config detected."}
{"level":"INFO","message":"[11:56:35.930 AM]: No config file path found. Client config will not be used."}
{"level":"INFO","message":"[11:56:35.931 AM]: Easy Logging is disabled as no config has been found"}
{"level":"INFO","message":"[11:58:31.287 AM]: Connecting to GLOBAL Snowflake domain"}
{"level":"INFO","message":"[11:58:31.298 AM]: Trying to initialize Easy Logging"}
{"level":"INFO","message":"[11:58:31.302 AM]: No client config detected."}
{"level":"INFO","message":"[11:58:31.303 AM]: No config file path found. Client config will not be used."}
{"level":"INFO","message":"[11:58:31.304 AM]: Easy Logging is disabled as no config has been found"}
{"level":"INFO","message":"[11:59:31.816 AM]: Connecting to GLOBAL Snowflake domain"}
{"level":"INFO","message":"[11:59:31.830 AM]: Trying to initialize Easy Logging"}
{"level":"INFO","message":"[11:59:31.834 AM]: No client config detected."}
{"level":"INFO","message":"[11:59:31.835 AM]: No config file path found. Client config will not be used."}
{"level":"INFO","message":"[11:59:31.836 AM]: Easy Logging is disabled as no config has been found"}
{"level":"INFO","message":"[12:01:05.776 PM]: Connecting to GLOBAL Snowflake domain"}
{"level":"INFO","message":"[12:01:05.791 PM]: Trying to initialize Easy Logging"}
{"level":"INFO","message":"[12:01:05.797 PM]: No client config detected."}
{"level":"INFO","message":"[12:01:05.797 PM]: No config file path found. Client config will not be used."}
{"level":"INFO","message":"[12:01:05.798 PM]: Easy Logging is disabled as no config has been found"}
{"level":"INFO","message":"[12:06:10.389 PM]: Connecting to GLOBAL Snowflake domain"}
{"level":"INFO","message":"[12:06:10.400 PM]: Trying to initialize Easy Logging"}
{"level":"INFO","message":"[12:06:10.406 PM]: No client config detected."}
{"level":"INFO","message":"[12:06:10.407 PM]: No config file path found. Client config will not be used."}
{"level":"INFO","message":"[12:06:10.407 PM]: Easy Logging is disabled as no config has been found"}
{"level":"INFO","message":"[12:08:08.423 PM]: Connecting to GLOBAL Snowflake domain"}
{"level":"INFO","message":"[12:08:08.433 PM]: Trying to initialize Easy Logging"}
{"level":"INFO","message":"[12:08:08.438 PM]: No client config detected."}
{"level":"INFO","message":"[12:08:08.439 PM]: No config file path found. Client config will not be used."}
{"level":"INFO","message":"[12:08:08.439 PM]: Easy Logging is disabled as no config has been found"}
{"level":"INFO","message":"[12:08:20.820 PM]: Connecting to GLOBAL Snowflake domain"}
{"level":"INFO","message":"[12:08:20.834 PM]: Trying to initialize Easy Logging"}
{"level":"INFO","message":"[12:08:20.838 PM]: No client config detected."}
{"level":"INFO","message":"[12:08:20.839 PM]: No config file path found. Client config will not be used."}
{"level":"INFO","message":"[12:08:20.840 PM]: Easy Logging is disabled as no config has been found"}
{"level":"INFO","message":"[12:08:57.100 PM]: Connecting to GLOBAL Snowflake domain"}
{"level":"INFO","message":"[12:08:57.111 PM]: Trying to initialize Easy Logging"}
{"level":"INFO","message":"[12:08:57.116 PM]: No client config detected."}
{"level":"INFO","message":"[12:08:57.117 PM]: No config file path found. Client config will not be used."}
{"level":"INFO","message":"[12:08:57.117 PM]: Easy Logging is disabled as no config has been found"}
{"level":"INFO","message":"[12:13:17.352 PM]: Connecting to GLOBAL Snowflake domain"}
{"level":"INFO","message":"[12:13:17.367 PM]: Trying to initialize Easy Logging"}
{"level":"INFO","message":"[12:13:17.371 PM]: No client config detected."}
{"level":"INFO","message":"[12:13:17.372 PM]: No config file path found. Client config will not be used."}
{"level":"INFO","message":"[12:13:17.372 PM]: Easy Logging is disabled as no config has been found"}
{"level":"INFO","message":"[1:19:34.002 PM]: Connecting to GLOBAL Snowflake domain"}
{"level":"INFO","message":"[1:19:34.023 PM]: Trying to initialize Easy Logging"}
{"level":"INFO","message":"[1:19:34.030 PM]: No client config detected."}
{"level":"INFO","message":"[1:19:34.031 PM]: No config file path found. Client config will not be used."}
{"level":"INFO","message":"[1:19:34.031 PM]: Easy Logging is disabled as no config has been found"}
{"level":"INFO","message":"[1:19:48.910 PM]: Connecting to GLOBAL Snowflake domain"}
{"level":"INFO","message":"[1:19:48.921 PM]: Trying to initialize Easy Logging"}
{"level":"INFO","message":"[1:19:48.926 PM]: No client config detected."}
{"level":"INFO","message":"[1:19:48.926 PM]: No config file path found. Client config will not be used."}
{"level":"INFO","message":"[1:19:48.927 PM]: Easy Logging is disabled as no config has been found"}
{"level":"INFO","message":"[1:20:13.779 PM]: Connecting to GLOBAL Snowflake domain"}
{"level":"INFO","message":"[1:20:13.790 PM]: Trying to initialize Easy Logging"}
{"level":"INFO","message":"[1:20:13.795 PM]: No client config detected."}
{"level":"INFO","message":"[1:20:13.796 PM]: No config file path found. Client config will not be used."}
{"level":"INFO","message":"[1:20:13.796 PM]: Easy Logging is disabled as no config has been found"}
{"level":"INFO","message":"[1:20:29.785 PM]: Connecting to GLOBAL Snowflake domain"}
{"level":"INFO","message":"[1:20:29.796 PM]: Trying to initialize Easy Logging"}
{"level":"INFO","message":"[1:20:29.801 PM]: No client config detected."}
{"level":"INFO","message":"[1:20:29.802 PM]: No config file path found. Client config will not be used."}
{"level":"INFO","message":"[1:20:29.803 PM]: Easy Logging is disabled as no config has been found"}
{"level":"INFO","message":"[1:20:50.902 PM]: Connecting to GLOBAL Snowflake domain"}
{"level":"INFO","message":"[1:20:50.913 PM]: Trying to initialize Easy Logging"}
{"level":"INFO","message":"[1:20:50.917 PM]: No client config detected."}
{"level":"INFO","message":"[1:20:50.918 PM]: No config file path found. Client config will not be used."}
{"level":"INFO","message":"[1:20:50.919 PM]: Easy Logging is disabled as no config has been found"}
{"level":"INFO","message":"[1:21:42.361 PM]: Connecting to GLOBAL Snowflake domain"}
{"level":"INFO","message":"[1:21:42.375 PM]: Trying to initialize Easy Logging"}
{"level":"INFO","message":"[1:21:42.384 PM]: No client config detected."}
{"level":"INFO","message":"[1:21:42.396 PM]: No config file path found. Client config will not be used."}
{"level":"INFO","message":"[1:21:42.402 PM]: Easy Logging is disabled as no config has been found"}
{"level":"INFO","message":"[1:25:40.069 PM]: Connecting to GLOBAL Snowflake domain"}
{"level":"INFO","message":"[1:25:40.079 PM]: Trying to initialize Easy Logging"}
{"level":"INFO","message":"[1:25:40.120 PM]: No client config detected."}
{"level":"INFO","message":"[1:25:40.121 PM]: No config file path found. Client config will not be used."}
{"level":"INFO","message":"[1:25:40.122 PM]: Easy Logging is disabled as no config has been found"}
{"level":"INFO","message":"[1:26:49.028 PM]: Connecting to GLOBAL Snowflake domain"}
{"level":"INFO","message":"[1:26:49.040 PM]: Trying to initialize Easy Logging"}
{"level":"INFO","message":"[1:26:49.044 PM]: No client config detected."}
{"level":"INFO","message":"[1:26:49.045 PM]: No config file path found. Client config will not be used."}
{"level":"INFO","message":"[1:26:49.045 PM]: Easy Logging is disabled as no config has been found"}
{"level":"INFO","message":"[1:29:32.158 PM]: Connecting to GLOBAL Snowflake domain"}
{"level":"INFO","message":"[1:29:32.168 PM]: Trying to initialize Easy Logging"}
{"level":"INFO","message":"[1:29:32.173 PM]: No client config detected."}
{"level":"INFO","message":"[1:29:32.174 PM]: No config file path found. Client config will not be used."}
{"level":"INFO","message":"[1:29:32.175 PM]: Easy Logging is disabled as no config has been found"}
{"level":"INFO","message":"[1:30:25.569 PM]: Connecting to GLOBAL Snowflake domain"}
{"level":"INFO","message":"[1:30:25.579 PM]: Trying to initialize Easy Logging"}
{"level":"INFO","message":"[1:30:25.585 PM]: No client config detected."}
{"level":"INFO","message":"[1:30:25.586 PM]: No config file path found. Client config will not be used."}
{"level":"INFO","message":"[1:30:25.586 PM]: Easy Logging is disabled as no config has been found"}
{"level":"INFO","message":"[1:36:28.931 PM]: Connecting to GLOBAL Snowflake domain"}
{"level":"INFO","message":"[1:36:28.941 PM]: Trying to initialize Easy Logging"}
{"level":"INFO","message":"[1:36:28.948 PM]: No client config detected."}
{"level":"INFO","message":"[1:36:28.949 PM]: No config file path found. Client config will not be used."}
{"level":"INFO","message":"[1:36:28.949 PM]: Easy Logging is disabled as no config has been found"}
{"level":"INFO","message":"[1:36:40.981 PM]: Connecting to GLOBAL Snowflake domain"}
{"level":"INFO","message":"[1:36:40.994 PM]: Trying to initialize Easy Logging"}
{"level":"INFO","message":"[1:36:40.998 PM]: No client config detected."}
{"level":"INFO","message":"[1:36:40.999 PM]: No config file path found. Client config will not be used."}
{"level":"INFO","message":"[1:36:41.000 PM]: Easy Logging is disabled as no config has been found"}
{"level":"INFO","message":"[1:37:13.380 PM]: Connecting to GLOBAL Snowflake domain"}
{"level":"INFO","message":"[1:37:13.390 PM]: Trying to initialize Easy Logging"}
{"level":"INFO","message":"[1:37:13.396 PM]: No client config detected."}
{"level":"INFO","message":"[1:37:13.397 PM]: No config file path found. Client config will not be used."}
{"level":"INFO","message":"[1:37:13.397 PM]: Easy Logging is disabled as no config has been found"}
{"level":"INFO","message":"[1:37:28.288 PM]: Connecting to GLOBAL Snowflake domain"}
{"level":"INFO","message":"[1:37:28.298 PM]: Trying to initialize Easy Logging"}
{"level":"INFO","message":"[1:37:28.303 PM]: No client config detected."}
{"level":"INFO","message":"[1:37:28.304 PM]: No config file path found. Client config will not be used."}
{"level":"INFO","message":"[1:37:28.304 PM]: Easy Logging is disabled as no config has been found"}
{"level":"INFO","message":"[1:39:25.854 PM]: Connecting to GLOBAL Snowflake domain"}
{"level":"INFO","message":"[1:39:25.865 PM]: Trying to initialize Easy Logging"}
{"level":"INFO","message":"[1:39:25.869 PM]: No client config detected."}
{"level":"INFO","message":"[1:39:25.870 PM]: No config file path found. Client config will not be used."}
{"level":"INFO","message":"[1:39:25.870 PM]: Easy Logging is disabled as no config has been found"}
{"level":"INFO","message":"[1:39:30.906 PM]: Connecting to GLOBAL Snowflake domain"}
{"level":"INFO","message":"[1:39:30.918 PM]: Trying to initialize Easy Logging"}
{"level":"INFO","message":"[1:39:30.924 PM]: No client config detected."}
{"level":"INFO","message":"[1:39:30.925 PM]: No config file path found. Client config will not be used."}
{"level":"INFO","message":"[1:39:30.925 PM]: Easy Logging is disabled as no config has been found"}
{"level":"INFO","message":"[1:40:04.870 PM]: Connecting to GLOBAL Snowflake domain"}
{"level":"INFO","message":"[1:40:04.879 PM]: Trying to initialize Easy Logging"}
{"level":"INFO","message":"[1:40:04.885 PM]: No client config detected."}
{"level":"INFO","message":"[1:40:04.886 PM]: No config file path found. Client config will not be used."}
{"level":"INFO","message":"[1:40:04.887 PM]: Easy Logging is disabled as no config has been found"}
{"level":"INFO","message":"[1:40:25.099 PM]: Connecting to GLOBAL Snowflake domain"}
{"level":"INFO","message":"[1:40:25.110 PM]: Trying to initialize Easy Logging"}
{"level":"INFO","message":"[1:40:25.115 PM]: No client config detected."}
{"level":"INFO","message":"[1:40:25.116 PM]: No config file path found. Client config will not be used."}
{"level":"INFO","message":"[1:40:25.117 PM]: Easy Logging is disabled as no config has been found"}
{"level":"INFO","message":"[1:42:26.136 PM]: Connecting to GLOBAL Snowflake domain"}
{"level":"INFO","message":"[1:42:26.149 PM]: Trying to initialize Easy Logging"}
{"level":"INFO","message":"[1:42:26.153 PM]: No client config detected."}
{"level":"INFO","message":"[1:42:26.154 PM]: No config file path found. Client config will not be used."}
{"level":"INFO","message":"[1:42:26.155 PM]: Easy Logging is disabled as no config has been found"}
{"level":"INFO","message":"[1:42:46.031 PM]: Connecting to GLOBAL Snowflake domain"}
{"level":"INFO","message":"[1:42:46.041 PM]: Trying to initialize Easy Logging"}
{"level":"INFO","message":"[1:42:46.046 PM]: No client config detected."}
{"level":"INFO","message":"[1:42:46.047 PM]: No config file path found. Client config will not be used."}
{"level":"INFO","message":"[1:42:46.047 PM]: Easy Logging is disabled as no config has been found"}
{"level":"INFO","message":"[1:43:02.888 PM]: Connecting to GLOBAL Snowflake domain"}
{"level":"INFO","message":"[1:43:02.899 PM]: Trying to initialize Easy Logging"}
{"level":"INFO","message":"[1:43:02.904 PM]: No client config detected."}
{"level":"INFO","message":"[1:43:02.904 PM]: No config file path found. Client config will not be used."}
{"level":"INFO","message":"[1:43:02.905 PM]: Easy Logging is disabled as no config has been found"}
{"level":"INFO","message":"[1:51:19.279 PM]: Connecting to GLOBAL Snowflake domain"}
{"level":"INFO","message":"[1:51:19.291 PM]: Trying to initialize Easy Logging"}
{"level":"INFO","message":"[1:51:19.296 PM]: No client config detected."}
{"level":"INFO","message":"[1:51:19.296 PM]: No config file path found. Client config will not be used."}
{"level":"INFO","message":"[1:51:19.297 PM]: Easy Logging is disabled as no config has been found"}
{"level":"INFO","message":"[1:51:41.491 PM]: Connecting to GLOBAL Snowflake domain"}
{"level":"INFO","message":"[1:51:41.501 PM]: Trying to initialize Easy Logging"}
{"level":"INFO","message":"[1:51:41.507 PM]: No client config detected."}
{"level":"INFO","message":"[1:51:41.508 PM]: No config file path found. Client config will not be used."}
{"level":"INFO","message":"[1:51:41.508 PM]: Easy Logging is disabled as no config has been found"}
{"level":"INFO","message":"[1:54:54.944 PM]: Connecting to GLOBAL Snowflake domain"}
{"level":"INFO","message":"[1:54:54.956 PM]: Trying to initialize Easy Logging"}
{"level":"INFO","message":"[1:54:54.962 PM]: No client config detected."}
{"level":"INFO","message":"[1:54:54.963 PM]: No config file path found. Client config will not be used."}
{"level":"INFO","message":"[1:54:54.963 PM]: Easy Logging is disabled as no config has been found"}
{"level":"INFO","message":"[1:55:15.960 PM]: Connecting to GLOBAL Snowflake domain"}
{"level":"INFO","message":"[1:55:15.974 PM]: Trying to initialize Easy Logging"}
{"level":"INFO","message":"[1:55:15.980 PM]: No client config detected."}
{"level":"INFO","message":"[1:55:15.981 PM]: No config file path found. Client config will not be used."}
{"level":"INFO","message":"[1:55:15.981 PM]: Easy Logging is disabled as no config has been found"}
{"level":"INFO","message":"[1:57:40.630 PM]: Connecting to GLOBAL Snowflake domain"}
{"level":"INFO","message":"[1:57:40.640 PM]: Trying to initialize Easy Logging"}
{"level":"INFO","message":"[1:57:40.646 PM]: No client config detected."}
{"level":"INFO","message":"[1:57:40.647 PM]: No config file path found. Client config will not be used."}
{"level":"INFO","message":"[1:57:40.648 PM]: Easy Logging is disabled as no config has been found"}
{"level":"INFO","message":"[1:57:55.760 PM]: Connecting to GLOBAL Snowflake domain"}
{"level":"INFO","message":"[1:57:55.772 PM]: Trying to initialize Easy Logging"}
{"level":"INFO","message":"[1:57:55.777 PM]: No client config detected."}
{"level":"INFO","message":"[1:57:55.778 PM]: No config file path found. Client config will not be used."}
{"level":"INFO","message":"[1:57:55.778 PM]: Easy Logging is disabled as no config has been found"}
{"level":"INFO","message":"[1:58:07.488 PM]: Connecting to GLOBAL Snowflake domain"}
{"level":"INFO","message":"[1:58:07.501 PM]: Trying to initialize Easy Logging"}
{"level":"INFO","message":"[1:58:07.506 PM]: No client config detected."}
{"level":"INFO","message":"[1:58:07.507 PM]: No config file path found. Client config will not be used."}
{"level":"INFO","message":"[1:58:07.508 PM]: Easy Logging is disabled as no config has been found"}
{"level":"INFO","message":"[1:58:41.071 PM]: Connecting to GLOBAL Snowflake domain"}
{"level":"INFO","message":"[1:58:41.083 PM]: Trying to initialize Easy Logging"}
{"level":"INFO","message":"[1:58:41.087 PM]: No client config detected."}
{"level":"INFO","message":"[1:58:41.088 PM]: No config file path found. Client config will not be used."}
{"level":"INFO","message":"[1:58:41.088 PM]: Easy Logging is disabled as no config has been found"}
{"level":"INFO","message":"[3:11:25.972 PM]: Connecting to GLOBAL Snowflake domain"}
{"level":"INFO","message":"[3:11:25.987 PM]: Trying to initialize Easy Logging"}
{"level":"INFO","message":"[3:11:25.991 PM]: No client config detected."}
{"level":"INFO","message":"[3:11:25.992 PM]: No config file path found. Client config will not be used."}
{"level":"INFO","message":"[3:11:25.993 PM]: Easy Logging is disabled as no config has been found"}
{"level":"INFO","message":"[3:11:40.815 PM]: Connecting to GLOBAL Snowflake domain"}
{"level":"INFO","message":"[3:11:40.827 PM]: Trying to initialize Easy Logging"}
{"level":"INFO","message":"[3:11:40.831 PM]: No client config detected."}
{"level":"INFO","message":"[3:11:40.832 PM]: No config file path found. Client config will not be used."}
{"level":"INFO","message":"[3:11:40.832 PM]: Easy Logging is disabled as no config has been found"}
{"level":"INFO","message":"[4:02:39.092 PM]: Connecting to GLOBAL Snowflake domain"}
{"level":"INFO","message":"[4:02:39.104 PM]: Trying to initialize Easy Logging"}
{"level":"INFO","message":"[4:02:39.108 PM]: No client config detected."}
{"level":"INFO","message":"[4:02:39.109 PM]: No config file path found. Client config will not be used."}
{"level":"INFO","message":"[4:02:39.109 PM]: Easy Logging is disabled as no config has been found"}
{"level":"INFO","message":"[4:02:51.158 PM]: Connecting to GLOBAL Snowflake domain"}
{"level":"INFO","message":"[4:02:51.168 PM]: Trying to initialize Easy Logging"}
{"level":"INFO","message":"[4:02:51.174 PM]: No client config detected."}
{"level":"INFO","message":"[4:02:51.175 PM]: No config file path found. Client config will not be used."}
{"level":"INFO","message":"[4:02:51.175 PM]: Easy Logging is disabled as no config has been found"}
{"level":"INFO","message":"[4:04:25.184 PM]: Connecting to GLOBAL Snowflake domain"}
{"level":"INFO","message":"[4:04:25.196 PM]: Trying to initialize Easy Logging"}
{"level":"INFO","message":"[4:04:25.201 PM]: No client config detected."}
{"level":"INFO","message":"[4:04:25.201 PM]: No config file path found. Client config will not be used."}
{"level":"INFO","message":"[4:04:25.202 PM]: Easy Logging is disabled as no config has been found"}
{"level":"INFO","message":"[4:04:35.375 PM]: Connecting to GLOBAL Snowflake domain"}
{"level":"INFO","message":"[4:04:35.387 PM]: Trying to initialize Easy Logging"}
{"level":"INFO","message":"[4:04:35.391 PM]: No client config detected."}
{"level":"INFO","message":"[4:04:35.392 PM]: No config file path found. Client config will not be used."}
{"level":"INFO","message":"[4:04:35.393 PM]: Easy Logging is disabled as no config has been found"}
{"level":"INFO","message":"[4:05:20.334 PM]: Connecting to GLOBAL Snowflake domain"}
{"level":"INFO","message":"[4:05:20.347 PM]: Trying to initialize Easy Logging"}
{"level":"INFO","message":"[4:05:20.362 PM]: No client config detected."}
{"level":"INFO","message":"[4:05:20.363 PM]: No config file path found. Client config will not be used."}
{"level":"INFO","message":"[4:05:20.363 PM]: Easy Logging is disabled as no config has been found"}
{"level":"INFO","message":"[4:06:11.661 PM]: Connecting to GLOBAL Snowflake domain"}
{"level":"INFO","message":"[4:06:11.671 PM]: Trying to initialize Easy Logging"}
{"level":"INFO","message":"[4:06:11.676 PM]: No client config detected."}
{"level":"INFO","message":"[4:06:11.677 PM]: No config file path found. Client config will not be used."}
{"level":"INFO","message":"[4:06:11.677 PM]: Easy Logging is disabled as no config has been found"}
{"level":"INFO","message":"[4:07:22.346 PM]: Connecting to GLOBAL Snowflake domain"}
{"level":"INFO","message":"[4:07:22.358 PM]: Trying to initialize Easy Logging"}
{"level":"INFO","message":"[4:07:22.363 PM]: No client config detected."}
{"level":"INFO","message":"[4:07:22.364 PM]: No config file path found. Client config will not be used."}
{"level":"INFO","message":"[4:07:22.364 PM]: Easy Logging is disabled as no config has been found"}
{"level":"INFO","message":"[4:13:00.281 PM]: Connecting to GLOBAL Snowflake domain"}
{"level":"INFO","message":"[4:13:00.292 PM]: Trying to initialize Easy Logging"}
{"level":"INFO","message":"[4:13:00.297 PM]: No client config detected."}
{"level":"INFO","message":"[4:13:00.298 PM]: No config file path found. Client config will not be used."}
{"level":"INFO","message":"[4:13:00.299 PM]: Easy Logging is disabled as no config has been found"}
{"level":"INFO","message":"[4:14:43.355 PM]: Connecting to GLOBAL Snowflake domain"}
{"level":"INFO","message":"[4:14:43.367 PM]: Trying to initialize Easy Logging"}
{"level":"INFO","message":"[4:14:43.371 PM]: No client config detected."}
{"level":"INFO","message":"[4:14:43.372 PM]: No config file path found. Client config will not be used."}
{"level":"INFO","message":"[4:14:43.373 PM]: Easy Logging is disabled as no config has been found"}
{"level":"INFO","message":"[4:15:33.441 PM]: Connecting to GLOBAL Snowflake domain"}
{"level":"INFO","message":"[4:15:33.453 PM]: Trying to initialize Easy Logging"}
{"level":"INFO","message":"[4:15:33.458 PM]: No client config detected."}
{"level":"INFO","message":"[4:15:33.459 PM]: No config file path found. Client config will not be used."}
{"level":"INFO","message":"[4:15:33.459 PM]: Easy Logging is disabled as no config has been found"}
{"level":"INFO","message":"[4:16:55.891 PM]: Connecting to GLOBAL Snowflake domain"}
{"level":"INFO","message":"[4:16:55.905 PM]: Trying to initialize Easy Logging"}
{"level":"INFO","message":"[4:16:55.910 PM]: No client config detected."}
{"level":"INFO","message":"[4:16:55.911 PM]: No config file path found. Client config will not be used."}
{"level":"INFO","message":"[4:16:55.912 PM]: Easy Logging is disabled as no config has been found"}
{"level":"INFO","message":"[4:17:40.746 PM]: Connecting to GLOBAL Snowflake domain"}
{"level":"INFO","message":"[4:17:40.756 PM]: Trying to initialize Easy Logging"}
{"level":"INFO","message":"[4:17:40.760 PM]: No client config detected."}
{"level":"INFO","message":"[4:17:40.761 PM]: No config file path found. Client config will not be used."}
{"level":"INFO","message":"[4:17:40.762 PM]: Easy Logging is disabled as no config has been found"}
{"level":"INFO","message":"[4:17:58.670 PM]: Connecting to GLOBAL Snowflake domain"}
{"level":"INFO","message":"[4:17:58.683 PM]: Trying to initialize Easy Logging"}
{"level":"INFO","message":"[4:17:58.688 PM]: No client config detected."}
{"level":"INFO","message":"[4:17:58.689 PM]: No config file path found. Client config will not be used."}
{"level":"INFO","message":"[4:17:58.689 PM]: Easy Logging is disabled as no config has been found"}
{"level":"INFO","message":"[4:18:17.239 PM]: Connecting to GLOBAL Snowflake domain"}
{"level":"INFO","message":"[4:18:17.250 PM]: Trying to initialize Easy Logging"}
{"level":"INFO","message":"[4:18:17.255 PM]: No client config detected."}
{"level":"INFO","message":"[4:18:17.256 PM]: No config file path found. Client config will not be used."}
{"level":"INFO","message":"[4:18:17.256 PM]: Easy Logging is disabled as no config has been found"}
{"level":"INFO","message":"[4:18:45.169 PM]: Connecting to GLOBAL Snowflake domain"}
{"level":"INFO","message":"[4:18:45.190 PM]: Trying to initialize Easy Logging"}
{"level":"INFO","message":"[4:18:45.198 PM]: No client config detected."}
{"level":"INFO","message":"[4:18:45.199 PM]: No config file path found. Client config will not be used."}
{"level":"INFO","message":"[4:18:45.200 PM]: Easy Logging is disabled as no config has been found"}
{"level":"INFO","message":"[4:23:13.452 PM]: Connecting to GLOBAL Snowflake domain"}
{"level":"INFO","message":"[4:23:13.470 PM]: Trying to initialize Easy Logging"}
{"level":"INFO","message":"[4:23:13.474 PM]: No client config detected."}
{"level":"INFO","message":"[4:23:13.475 PM]: No config file path found. Client config will not be used."}
{"level":"INFO","message":"[4:23:13.476 PM]: Easy Logging is disabled as no config has been found"}
{"level":"INFO","message":"[4:23:30.497 PM]: Connecting to GLOBAL Snowflake domain"}
{"level":"INFO","message":"[4:23:30.510 PM]: Trying to initialize Easy Logging"}
{"level":"INFO","message":"[4:23:30.515 PM]: No client config detected."}
{"level":"INFO","message":"[4:23:30.516 PM]: No config file path found. Client config will not be used."}
{"level":"INFO","message":"[4:23:30.517 PM]: Easy Logging is disabled as no config has been found"}
{"level":"INFO","message":"[4:23:52.137 PM]: Connecting to GLOBAL Snowflake domain"}
{"level":"INFO","message":"[4:23:52.149 PM]: Trying to initialize Easy Logging"}
{"level":"INFO","message":"[4:23:52.153 PM]: No client config detected."}
{"level":"INFO","message":"[4:23:52.154 PM]: No config file path found. Client config will not be used."}
{"level":"INFO","message":"[4:23:52.155 PM]: Easy Logging is disabled as no config has been found"}
{"level":"INFO","message":"[4:24:19.939 PM]: Connecting to GLOBAL Snowflake domain"}
{"level":"INFO","message":"[4:24:19.949 PM]: Trying to initialize Easy Logging"}
{"level":"INFO","message":"[4:24:19.955 PM]: No client config detected."}
{"level":"INFO","message":"[4:24:19.956 PM]: No config file path found. Client config will not be used."}
{"level":"INFO","message":"[4:24:19.957 PM]: Easy Logging is disabled as no config has been found"}
{"level":"INFO","message":"[4:27:02.198 PM]: Connecting to GLOBAL Snowflake domain"}
{"level":"INFO","message":"[4:27:02.209 PM]: Trying to initialize Easy Logging"}
{"level":"INFO","message":"[4:27:02.214 PM]: No client config detected."}
{"level":"INFO","message":"[4:27:02.214 PM]: No config file path found. Client config will not be used."}
{"level":"INFO","message":"[4:27:02.215 PM]: Easy Logging is disabled as no config has been found"}
{"level":"INFO","message":"[4:29:03.838 PM]: Connecting to GLOBAL Snowflake domain"}
{"level":"INFO","message":"[4:29:03.849 PM]: Trying to initialize Easy Logging"}
{"level":"INFO","message":"[4:29:03.853 PM]: No client config detected."}
{"level":"INFO","message":"[4:29:03.854 PM]: No config file path found. Client config will not be used."}
{"level":"INFO","message":"[4:29:03.855 PM]: Easy Logging is disabled as no config has been found"}
{"level":"INFO","message":"[4:30:01.203 PM]: Connecting to GLOBAL Snowflake domain"}
{"level":"INFO","message":"[4:30:01.213 PM]: Trying to initialize Easy Logging"}
{"level":"INFO","message":"[4:30:01.219 PM]: No client config detected."}
{"level":"INFO","message":"[4:30:01.220 PM]: No config file path found. Client config will not be used."}
{"level":"INFO","message":"[4:30:01.221 PM]: Easy Logging is disabled as no config has been found"}
{"level":"INFO","message":"[4:44:44.885 PM]: Connecting to GLOBAL Snowflake domain"}
{"level":"INFO","message":"[4:44:44.896 PM]: Trying to initialize Easy Logging"}
{"level":"INFO","message":"[4:44:44.903 PM]: No client config detected."}
{"level":"INFO","message":"[4:44:44.904 PM]: No config file path found. Client config will not be used."}
{"level":"INFO","message":"[4:44:44.904 PM]: Easy Logging is disabled as no config has been found"}
{"level":"INFO","message":"[4:53:27.745 PM]: Connecting to GLOBAL Snowflake domain"}
{"level":"INFO","message":"[4:53:27.756 PM]: Trying to initialize Easy Logging"}
{"level":"INFO","message":"[4:53:27.761 PM]: No client config detected."}
{"level":"INFO","message":"[4:53:27.762 PM]: No config file path found. Client config will not be used."}
{"level":"INFO","message":"[4:53:27.763 PM]: Easy Logging is disabled as no config has been found"}
{"level":"INFO","message":"[4:53:54.516 PM]: Connecting to GLOBAL Snowflake domain"}
{"level":"INFO","message":"[4:53:54.527 PM]: Trying to initialize Easy Logging"}
{"level":"INFO","message":"[4:53:54.533 PM]: No client config detected."}
{"level":"INFO","message":"[4:53:54.533 PM]: No config file path found. Client config will not be used."}
{"level":"INFO","message":"[4:53:54.534 PM]: Easy Logging is disabled as no config has been found"}
{"level":"INFO","message":"[4:57:37.967 PM]: Connecting to GLOBAL Snowflake domain"}
{"level":"INFO","message":"[4:57:37.978 PM]: Trying to initialize Easy Logging"}
{"level":"INFO","message":"[4:57:37.983 PM]: No client config detected."}
{"level":"INFO","message":"[4:57:37.984 PM]: No config file path found. Client config will not be used."}
{"level":"INFO","message":"[4:57:37.984 PM]: Easy Logging is disabled as no config has been found"}
{"level":"INFO","message":"[5:03:58.235 PM]: Connecting to GLOBAL Snowflake domain"}
{"level":"INFO","message":"[5:03:58.246 PM]: Trying to initialize Easy Logging"}
{"level":"INFO","message":"[5:03:58.252 PM]: No client config detected."}
{"level":"INFO","message":"[5:03:58.252 PM]: No config file path found. Client config will not be used."}
{"level":"INFO","message":"[5:03:58.253 PM]: Easy Logging is disabled as no config has been found"}
{"level":"INFO","message":"[5:04:20.867 PM]: Connecting to GLOBAL Snowflake domain"}
{"level":"INFO","message":"[5:04:20.880 PM]: Trying to initialize Easy Logging"}
{"level":"INFO","message":"[5:04:20.896 PM]: No client config detected."}
{"level":"INFO","message":"[5:04:20.897 PM]: No config file path found. Client config will not be used."}
{"level":"INFO","message":"[5:04:20.898 PM]: Easy Logging is disabled as no config has been found"}
{"level":"INFO","message":"[5:09:22.094 PM]: Connecting to GLOBAL Snowflake domain"}
{"level":"INFO","message":"[5:09:22.107 PM]: Trying to initialize Easy Logging"}
{"level":"INFO","message":"[5:09:22.112 PM]: No client config detected."}
{"level":"INFO","message":"[5:09:22.113 PM]: No config file path found. Client config will not be used."}
{"level":"INFO","message":"[5:09:22.113 PM]: Easy Logging is disabled as no config has been found"}
{"level":"INFO","message":"[5:10:03.770 PM]: Connecting to GLOBAL Snowflake domain"}
{"level":"INFO","message":"[5:10:03.780 PM]: Trying to initialize Easy Logging"}
{"level":"INFO","message":"[5:10:03.784 PM]: No client config detected."}
{"level":"INFO","message":"[5:10:03.785 PM]: No config file path found. Client config will not be used."}
{"level":"INFO","message":"[5:10:03.786 PM]: Easy Logging is disabled as no config has been found"}
{"level":"INFO","message":"[5:10:55.670 PM]: Connecting to GLOBAL Snowflake domain"}
{"level":"INFO","message":"[5:10:55.682 PM]: Trying to initialize Easy Logging"}
{"level":"INFO","message":"[5:10:55.686 PM]: No client config detected."}
{"level":"INFO","message":"[5:10:55.687 PM]: No config file path found. Client config will not be used."}
{"level":"INFO","message":"[5:10:55.687 PM]: Easy Logging is disabled as no config has been found"}
{"level":"INFO","message":"[5:13:07.425 PM]: Connecting to GLOBAL Snowflake domain"}
{"level":"INFO","message":"[5:13:07.436 PM]: Trying to initialize Easy Logging"}
{"level":"INFO","message":"[5:13:07.441 PM]: No client config detected."}
{"level":"INFO","message":"[5:13:07.441 PM]: No config file path found. Client config will not be used."}
{"level":"INFO","message":"[5:13:07.442 PM]: Easy Logging is disabled as no config has been found"}
{"level":"INFO","message":"[5:30:03.525 PM]: Connecting to GLOBAL Snowflake domain"}
{"level":"INFO","message":"[5:30:03.536 PM]: Trying to initialize Easy Logging"}
{"level":"INFO","message":"[5:30:03.540 PM]: No client config detected."}
{"level":"INFO","message":"[5:30:03.541 PM]: No config file path found. Client config will not be used."}
{"level":"INFO","message":"[5:30:03.542 PM]: Easy Logging is disabled as no config has been found"}
{"level":"INFO","message":"[5:30:32.209 PM]: Connecting to GLOBAL Snowflake domain"}
{"level":"INFO","message":"[5:30:32.219 PM]: Trying to initialize Easy Logging"}
{"level":"INFO","message":"[5:30:32.224 PM]: No client config detected."}
{"level":"INFO","message":"[5:30:32.225 PM]: No config file path found. Client config will not be used."}
{"level":"INFO","message":"[5:30:32.225 PM]: Easy Logging is disabled as no config has been found"}
{"level":"INFO","message":"[5:31:11.809 PM]: Connecting to GLOBAL Snowflake domain"}
{"level":"INFO","message":"[5:31:11.820 PM]: Trying to initialize Easy Logging"}
{"level":"INFO","message":"[5:31:11.825 PM]: No client config detected."}
{"level":"INFO","message":"[5:31:11.826 PM]: No config file path found. Client config will not be used."}
{"level":"INFO","message":"[5:31:11.826 PM]: Easy Logging is disabled as no config has been found"}
{"level":"INFO","message":"[5:31:42.974 PM]: Connecting to GLOBAL Snowflake domain"}
{"level":"INFO","message":"[5:31:42.984 PM]: Trying to initialize Easy Logging"}
{"level":"INFO","message":"[5:31:42.988 PM]: No client config detected."}
{"level":"INFO","message":"[5:31:42.989 PM]: No config file path found. Client config will not be used."}
{"level":"INFO","message":"[5:31:42.990 PM]: Easy Logging is disabled as no config has been found"}
{"level":"INFO","message":"[5:33:36.634 PM]: Connecting to GLOBAL Snowflake domain"}
{"level":"INFO","message":"[5:33:36.644 PM]: Trying to initialize Easy Logging"}
{"level":"INFO","message":"[5:33:36.649 PM]: No client config detected."}
{"level":"INFO","message":"[5:33:36.650 PM]: No config file path found. Client config will not be used."}
{"level":"INFO","message":"[5:33:36.650 PM]: Easy Logging is disabled as no config has been found"}
{"level":"INFO","message":"[5:34:38.600 PM]: Connecting to GLOBAL Snowflake domain"}
{"level":"INFO","message":"[5:34:38.611 PM]: Trying to initialize Easy Logging"}
{"level":"INFO","message":"[5:34:38.617 PM]: No client config detected."}
{"level":"INFO","message":"[5:34:38.618 PM]: No config file path found. Client config will not be used."}
{"level":"INFO","message":"[5:34:38.618 PM]: Easy Logging is disabled as no config has been found"}
{"level":"INFO","message":"[5:38:13.194 PM]: Connecting to GLOBAL Snowflake domain"}
{"level":"INFO","message":"[5:38:13.211 PM]: Trying to initialize Easy Logging"}
{"level":"INFO","message":"[5:38:13.217 PM]: No client config detected."}
{"level":"INFO","message":"[5:38:13.218 PM]: No config file path found. Client config will not be used."}
{"level":"INFO","message":"[5:38:13.219 PM]: Easy Logging is disabled as no config has been found"}
{"level":"INFO","message":"[5:40:20.617 PM]: Connecting to GLOBAL Snowflake domain"}
{"level":"INFO","message":"[5:40:20.628 PM]: Trying to initialize Easy Logging"}
{"level":"INFO","message":"[5:40:20.633 PM]: No client config detected."}
{"level":"INFO","message":"[5:40:20.634 PM]: No config file path found. Client config will not be used."}
{"level":"INFO","message":"[5:40:20.634 PM]: Easy Logging is disabled as no config has been found"}
{"level":"INFO","message":"[5:41:12.782 PM]: Connecting to GLOBAL Snowflake domain"}
{"level":"INFO","message":"[5:41:12.793 PM]: Trying to initialize Easy Logging"}
{"level":"INFO","message":"[5:41:12.798 PM]: No client config detected."}
{"level":"INFO","message":"[5:41:12.799 PM]: No config file path found. Client config will not be used."}
{"level":"INFO","message":"[5:41:12.800 PM]: Easy Logging is disabled as no config has been found"}
{"level":"INFO","message":"[5:41:55.250 PM]: Connecting to GLOBAL Snowflake domain"}
{"level":"INFO","message":"[5:41:55.262 PM]: Trying to initialize Easy Logging"}
{"level":"INFO","message":"[5:41:55.266 PM]: No client config detected."}
{"level":"INFO","message":"[5:41:55.267 PM]: No config file path found. Client config will not be used."}
{"level":"INFO","message":"[5:41:55.268 PM]: Easy Logging is disabled as no config has been found"}
{"level":"INFO","message":"[5:43:14.849 PM]: Connecting to GLOBAL Snowflake domain"}
{"level":"INFO","message":"[5:43:14.861 PM]: Trying to initialize Easy Logging"}
{"level":"INFO","message":"[5:43:14.866 PM]: No client config detected."}
{"level":"INFO","message":"[5:43:14.867 PM]: No config file path found. Client config will not be used."}
{"level":"INFO","message":"[5:43:14.868 PM]: Easy Logging is disabled as no config has been found"}
{"level":"INFO","message":"[5:48:07.621 PM]: Connecting to GLOBAL Snowflake domain"}
{"level":"INFO","message":"[5:48:07.631 PM]: Trying to initialize Easy Logging"}
{"level":"INFO","message":"[5:48:07.637 PM]: No client config detected."}
{"level":"INFO","message":"[5:48:07.638 PM]: No config file path found. Client config will not be used."}
{"level":"INFO","message":"[5:48:07.638 PM]: Easy Logging is disabled as no config has been found"}
{"level":"INFO","message":"[5:49:52.957 PM]: Connecting to GLOBAL Snowflake domain"}
{"level":"INFO","message":"[5:49:52.968 PM]: Trying to initialize Easy Logging"}
{"level":"INFO","message":"[5:49:52.972 PM]: No client config detected."}
{"level":"INFO","message":"[5:49:52.973 PM]: No config file path found. Client config will not be used."}
{"level":"INFO","message":"[5:49:52.974 PM]: Easy Logging is disabled as no config has been found"}
{"level":"INFO","message":"[5:52:06.903 PM]: Connecting to GLOBAL Snowflake domain"}
{"level":"INFO","message":"[5:52:06.914 PM]: Trying to initialize Easy Logging"}
{"level":"INFO","message":"[5:52:06.919 PM]: No client config detected."}
{"level":"INFO","message":"[5:52:06.920 PM]: No config file path found. Client config will not be used."}
{"level":"INFO","message":"[5:52:06.920 PM]: Easy Logging is disabled as no config has been found"}
{"level":"INFO","message":"[5:55:22.152 PM]: Connecting to GLOBAL Snowflake domain"}
{"level":"INFO","message":"[5:55:22.163 PM]: Trying to initialize Easy Logging"}
{"level":"INFO","message":"[5:55:22.168 PM]: No client config detected."}
{"level":"INFO","message":"[5:55:22.169 PM]: No config file path found. Client config will not be used."}
{"level":"INFO","message":"[5:55:22.169 PM]: Easy Logging is disabled as no config has been found"}
{"level":"INFO","message":"[5:56:39.212 PM]: Connecting to GLOBAL Snowflake domain"}
{"level":"INFO","message":"[5:56:39.223 PM]: Trying to initialize Easy Logging"}
{"level":"INFO","message":"[5:56:39.227 PM]: No client config detected."}
{"level":"INFO","message":"[5:56:39.228 PM]: No config file path found. Client config will not be used."}
{"level":"INFO","message":"[5:56:39.229 PM]: Easy Logging is disabled as no config has been found"}
